{"db":4,"file":"/go/pkg/mod/github.com/open4go/auth@v0.0.5/redis.go:40","func":"github.com/open4go/auth.InitRedisDB","level":"info","msg":"connect redis successful","pong":"PONG","poolSize":100,"redisAddr":"mini_redis_app:6379","time":"2023-10-04T09:18:19Z"}
{"db":0,"file":"/go/pkg/mod/github.com/r2day/db@v0.3.5/redis.go:39","func":"github.com/r2day/db.InitRedisDB","level":"info","msg":"connect redis successful","pong":"PONG","poolSize":100,"redisAddr":"mini_redis_app:6379","time":"2023-10-04T09:18:19Z"}
{"file":"/app/main.go:61","func":"main.main","level":"info","msg":"running successful","port":"8080","time":"2023-10-04T09:18:19Z"}
{"err":"Post \"http:pay_app:8080/v1/pay/notify/send\": http: no Host in request URL","file":"/app/common/http.go:16","func":"github.com/h71j/order-center/common.Post","level":"error","msg":"Post 请求失败","time":"2023-10-04T09:18:38Z","url":"http:pay_app:8080/v1/pay/notify/send"}
{"err":"Post \"http:pay_app:8080/v1/pay/notify/send\": http: no Host in request URL","file":"/app/common/http.go:16","func":"github.com/h71j/order-center/common.Post","level":"error","msg":"Post 请求失败","time":"2023-10-04T09:35:08Z","url":"http:pay_app:8080/v1/pay/notify/send"}
{"db":4,"file":"/go/pkg/mod/github.com/open4go/auth@v0.0.5/redis.go:40","func":"github.com/open4go/auth.InitRedisDB","level":"info","msg":"connect redis successful","pong":"PONG","poolSize":100,"redisAddr":"mini_redis_app:6379","time":"2023-10-04T09:35:54Z"}
{"db":0,"file":"/go/pkg/mod/github.com/r2day/db@v0.3.5/redis.go:39","func":"github.com/r2day/db.InitRedisDB","level":"info","msg":"connect redis successful","pong":"PONG","poolSize":100,"redisAddr":"mini_redis_app:6379","time":"2023-10-04T09:35:54Z"}
{"file":"/app/main.go:61","func":"main.main","level":"info","msg":"running successful","port":"8080","time":"2023-10-04T09:35:54Z"}
{"db":4,"file":"/go/pkg/mod/github.com/open4go/auth@v0.0.5/redis.go:40","func":"github.com/open4go/auth.InitRedisDB","level":"info","msg":"connect redis successful","pong":"PONG","poolSize":100,"redisAddr":"mini_redis_app:6379","time":"2023-10-04T09:50:58Z"}
{"db":0,"file":"/go/pkg/mod/github.com/r2day/db@v0.3.5/redis.go:39","func":"github.com/r2day/db.InitRedisDB","level":"info","msg":"connect redis successful","pong":"PONG","poolSize":100,"redisAddr":"mini_redis_app:6379","time":"2023-10-04T09:50:58Z"}
{"file":"/app/main.go:61","func":"main.main","level":"info","msg":"running successful","port":"8080","time":"2023-10-04T09:50:58Z"}
{"db":4,"file":"/go/pkg/mod/github.com/open4go/auth@v0.0.5/redis.go:40","func":"github.com/open4go/auth.InitRedisDB","level":"info","msg":"connect redis successful","pong":"PONG","poolSize":100,"redisAddr":"mini_redis_app:6379","time":"2023-10-04T10:00:22Z"}
{"db":0,"file":"/go/pkg/mod/github.com/r2day/db@v0.3.5/redis.go:39","func":"github.com/r2day/db.InitRedisDB","level":"info","msg":"connect redis successful","pong":"PONG","poolSize":100,"redisAddr":"mini_redis_app:6379","time":"2023-10-04T10:00:22Z"}
{"file":"/app/main.go:61","func":"main.main","level":"info","msg":"running successful","port":"8080","time":"2023-10-04T10:00:22Z"}
{"db":4,"file":"/go/pkg/mod/github.com/open4go/auth@v0.0.5/redis.go:40","func":"github.com/open4go/auth.InitRedisDB","level":"info","msg":"connect redis successful","pong":"PONG","poolSize":100,"redisAddr":"mini_redis_app:6379","time":"2023-10-04T10:05:47Z"}
{"db":0,"file":"/go/pkg/mod/github.com/r2day/db@v0.3.5/redis.go:39","func":"github.com/r2day/db.InitRedisDB","level":"info","msg":"connect redis successful","pong":"PONG","poolSize":100,"redisAddr":"mini_redis_app:6379","time":"2023-10-04T10:05:47Z"}
{"file":"/app/main.go:61","func":"main.main","level":"info","msg":"running successful","port":"8080","time":"2023-10-04T10:05:47Z"}
{"db":4,"file":"/go/pkg/mod/github.com/open4go/auth@v0.0.5/redis.go:40","func":"github.com/open4go/auth.InitRedisDB","level":"info","msg":"connect redis successful","pong":"PONG","poolSize":100,"redisAddr":"mini_redis_app:6379","time":"2023-10-04T10:07:34Z"}
{"db":0,"file":"/go/pkg/mod/github.com/r2day/db@v0.3.5/redis.go:39","func":"github.com/r2day/db.InitRedisDB","level":"info","msg":"connect redis successful","pong":"PONG","poolSize":100,"redisAddr":"mini_redis_app:6379","time":"2023-10-04T10:07:34Z"}
{"file":"/app/main.go:61","func":"main.main","level":"info","msg":"running successful","port":"8080","time":"2023-10-04T10:07:34Z"}
{"db":4,"file":"/go/pkg/mod/github.com/open4go/auth@v0.0.5/redis.go:40","func":"github.com/open4go/auth.InitRedisDB","level":"info","msg":"connect redis successful","pong":"PONG","poolSize":100,"redisAddr":"mini_redis_app:6379","time":"2023-10-04T12:06:20Z"}
{"db":0,"file":"/go/pkg/mod/github.com/r2day/db@v0.3.5/redis.go:39","func":"github.com/r2day/db.InitRedisDB","level":"info","msg":"connect redis successful","pong":"PONG","poolSize":100,"redisAddr":"mini_redis_app:6379","time":"2023-10-04T12:06:20Z"}
{"file":"/app/main.go:61","func":"main.main","level":"info","msg":"running successful","port":"8080","time":"2023-10-04T12:06:20Z"}
{"db":4,"file":"/go/pkg/mod/github.com/open4go/auth@v0.0.5/redis.go:40","func":"github.com/open4go/auth.InitRedisDB","level":"info","msg":"connect redis successful","pong":"PONG","poolSize":100,"redisAddr":"mini_redis_app:6379","time":"2023-10-05T09:20:35Z"}
{"db":0,"file":"/go/pkg/mod/github.com/r2day/db@v0.3.5/redis.go:39","func":"github.com/r2day/db.InitRedisDB","level":"info","msg":"connect redis successful","pong":"PONG","poolSize":100,"redisAddr":"mini_redis_app:6379","time":"2023-10-05T09:20:35Z"}
{"file":"/app/main.go:61","func":"main.main","level":"info","msg":"running successful","port":"8080","time":"2023-10-05T09:20:35Z"}
{"file":"/app/api/mini/order/cancel_order.go:73","func":"github.com/h71j/order-center/api/mini/order.(*cancelOrderLogic).Cancel","level":"info","msg":"已申请取消订单","order_no":"HLJ1710194540951900160","time":"2023-10-06T07:25:59Z"}
{"file":"/app/api/mini/order/cancel_order.go:46","func":"github.com/h71j/order-center/api/mini/order.(*cancelOrderLogic).Cancel","level":"error","msg":"订单不允许取消","order_no":"HLJ1709526893427953664","time":"2023-10-06T07:27:50Z"}
{"file":"/app/api/mini/order/cancel_order.go:46","func":"github.com/h71j/order-center/api/mini/order.(*cancelOrderLogic).Cancel","level":"error","msg":"订单不允许取消","order_no":"HLJ1709526893427953664","time":"2023-10-06T07:27:56Z"}
{"file":"/app/api/mini/order/cancel_order.go:46","func":"github.com/h71j/order-center/api/mini/order.(*cancelOrderLogic).Cancel","level":"error","msg":"订单不允许取消","order_no":"HLJ1709526893427953664","time":"2023-10-06T07:27:57Z"}
{"file":"/app/api/mini/order/cancel_order.go:46","func":"github.com/h71j/order-center/api/mini/order.(*cancelOrderLogic).Cancel","level":"error","msg":"订单不允许取消","order_no":"HLJ1709526893427953664","time":"2023-10-06T07:28:06Z"}
{"file":"/app/api/mini/order/cancel_order.go:46","func":"github.com/h71j/order-center/api/mini/order.(*cancelOrderLogic).Cancel","level":"error","msg":"订单不允许取消","order_no":"HLJ1709526893427953664","time":"2023-10-06T07:28:31Z"}
{"file":"/app/api/mini/order/cancel_order.go:46","func":"github.com/h71j/order-center/api/mini/order.(*cancelOrderLogic).Cancel","level":"error","msg":"订单不允许取消","order_no":"HLJ1709526893427953664","time":"2023-10-06T07:29:28Z"}
{"file":"/app/api/mini/order/cancel_order.go:46","func":"github.com/h71j/order-center/api/mini/order.(*cancelOrderLogic).Cancel","level":"error","msg":"订单不允许取消","order_no":"HLJ1709526893427953664","time":"2023-10-06T07:30:16Z"}
{"file":"/app/api/mini/order/cancel_order.go:46","func":"github.com/h71j/order-center/api/mini/order.(*cancelOrderLogic).Cancel","level":"error","msg":"订单不允许取消","order_no":"HLJ1709526893427953664","time":"2023-10-06T07:30:21Z"}
{"file":"/app/api/mini/order/cancel_order.go:46","func":"github.com/h71j/order-center/api/mini/order.(*cancelOrderLogic).Cancel","level":"error","msg":"订单不允许取消","order_no":"HLJ1709526893427953664","time":"2023-10-06T07:30:42Z"}
{"file":"/app/api/mini/order/cancel_order.go:73","func":"github.com/h71j/order-center/api/mini/order.(*cancelOrderLogic).Cancel","level":"info","msg":"已申请取消订单","order_no":"HLJ1710200558469517312","time":"2023-10-06T07:52:14Z"}
{"file":"/app/api/mini/order/cancel_order.go:73","func":"github.com/h71j/order-center/api/mini/order.(*cancelOrderLogic).Cancel","level":"info","msg":"已申请取消订单","order_no":"HLJ1710200881560948736","time":"2023-10-06T07:52:37Z"}
{"file":"/app/api/mini/order/cancel_order.go:73","func":"github.com/h71j/order-center/api/mini/order.(*cancelOrderLogic).Cancel","level":"info","msg":"已申请取消订单","order_no":"HLJ1710195963970195456","time":"2023-10-06T07:54:36Z"}
{"db":4,"file":"/go/pkg/mod/github.com/open4go/auth@v0.0.5/redis.go:40","func":"github.com/open4go/auth.InitRedisDB","level":"info","msg":"connect redis successful","pong":"PONG","poolSize":100,"redisAddr":"mini_redis_app:6379","time":"2023-10-07T06:41:48Z"}
{"db":0,"file":"/go/pkg/mod/github.com/r2day/db@v0.3.5/redis.go:39","func":"github.com/r2day/db.InitRedisDB","level":"info","msg":"connect redis successful","pong":"PONG","poolSize":100,"redisAddr":"mini_redis_app:6379","time":"2023-10-07T06:41:48Z"}
{"file":"/app/main.go:61","func":"main.main","level":"info","msg":"running successful","port":"8080","time":"2023-10-07T06:41:48Z"}
{"db":4,"file":"/go/pkg/mod/github.com/open4go/auth@v0.0.5/redis.go:40","func":"github.com/open4go/auth.InitRedisDB","level":"info","msg":"connect redis successful","pong":"PONG","poolSize":100,"redisAddr":"mini_redis_app:6379","time":"2023-10-08T13:29:42Z"}
{"db":0,"file":"/go/pkg/mod/github.com/r2day/db@v0.3.5/redis.go:39","func":"github.com/r2day/db.InitRedisDB","level":"info","msg":"connect redis successful","pong":"PONG","poolSize":100,"redisAddr":"mini_redis_app:6379","time":"2023-10-08T13:29:42Z"}
{"file":"/app/main.go:61","func":"main.main","level":"info","msg":"running successful","port":"8080","time":"2023-10-08T13:29:42Z"}
{"db":4,"file":"/go/pkg/mod/github.com/open4go/auth@v0.0.5/redis.go:40","func":"github.com/open4go/auth.InitRedisDB","level":"info","msg":"connect redis successful","pong":"PONG","poolSize":100,"redisAddr":"mini_redis_app:6379","time":"2023-10-08T13:39:30Z"}
{"db":0,"file":"/go/pkg/mod/github.com/r2day/db@v0.3.5/redis.go:39","func":"github.com/r2day/db.InitRedisDB","level":"info","msg":"connect redis successful","pong":"PONG","poolSize":100,"redisAddr":"mini_redis_app:6379","time":"2023-10-08T13:39:30Z"}
{"file":"/app/main.go:61","func":"main.main","level":"info","msg":"running successful","port":"8080","time":"2023-10-08T13:39:30Z"}
{"db":4,"file":"/go/pkg/mod/github.com/open4go/auth@v0.0.5/redis.go:40","func":"github.com/open4go/auth.InitRedisDB","level":"info","msg":"connect redis successful","pong":"PONG","poolSize":100,"redisAddr":"mini_redis_app:6379","time":"2023-10-08T13:51:02Z"}
{"db":0,"file":"/go/pkg/mod/github.com/r2day/db@v0.3.5/redis.go:39","func":"github.com/r2day/db.InitRedisDB","level":"info","msg":"connect redis successful","pong":"PONG","poolSize":100,"redisAddr":"mini_redis_app:6379","time":"2023-10-08T13:51:02Z"}
{"file":"/app/main.go:61","func":"main.main","level":"info","msg":"running successful","port":"8080","time":"2023-10-08T13:51:02Z"}
{"db":4,"file":"/go/pkg/mod/github.com/open4go/auth@v0.0.5/redis.go:40","func":"github.com/open4go/auth.InitRedisDB","level":"info","msg":"connect redis successful","pong":"PONG","poolSize":100,"redisAddr":"mini_redis_app:6379","time":"2023-10-08T13:52:17Z"}
{"db":0,"file":"/go/pkg/mod/github.com/r2day/db@v0.3.5/redis.go:39","func":"github.com/r2day/db.InitRedisDB","level":"info","msg":"connect redis successful","pong":"PONG","poolSize":100,"redisAddr":"mini_redis_app:6379","time":"2023-10-08T13:52:17Z"}
{"file":"/app/main.go:61","func":"main.main","level":"info","msg":"running successful","port":"8080","time":"2023-10-08T13:52:17Z"}
{"db":4,"file":"/go/pkg/mod/github.com/open4go/auth@v0.0.5/redis.go:40","func":"github.com/open4go/auth.InitRedisDB","level":"info","msg":"connect redis successful","pong":"PONG","poolSize":100,"redisAddr":"mini_redis_app:6379","time":"2023-10-08T14:02:17Z"}
{"db":0,"file":"/go/pkg/mod/github.com/r2day/db@v0.3.5/redis.go:39","func":"github.com/r2day/db.InitRedisDB","level":"info","msg":"connect redis successful","pong":"PONG","poolSize":100,"redisAddr":"mini_redis_app:6379","time":"2023-10-08T14:02:17Z"}
{"file":"/app/main.go:61","func":"main.main","level":"info","msg":"running successful","port":"8080","time":"2023-10-08T14:02:17Z"}
{"db":4,"file":"/go/pkg/mod/github.com/open4go/auth@v0.0.5/redis.go:40","func":"github.com/open4go/auth.InitRedisDB","level":"info","msg":"connect redis successful","pong":"PONG","poolSize":100,"redisAddr":"mini_redis_app:6379","time":"2023-10-08T14:04:32Z"}
{"db":0,"file":"/go/pkg/mod/github.com/r2day/db@v0.3.5/redis.go:39","func":"github.com/r2day/db.InitRedisDB","level":"info","msg":"connect redis successful","pong":"PONG","poolSize":100,"redisAddr":"mini_redis_app:6379","time":"2023-10-08T14:04:32Z"}
{"file":"/app/main.go:61","func":"main.main","level":"info","msg":"running successful","port":"8080","time":"2023-10-08T14:04:32Z"}
{"db":4,"file":"/go/pkg/mod/github.com/open4go/auth@v0.0.5/redis.go:40","func":"github.com/open4go/auth.InitRedisDB","level":"info","msg":"connect redis successful","pong":"PONG","poolSize":100,"redisAddr":"mini_redis_app:6379","time":"2023-10-08T14:28:35Z"}
{"db":0,"file":"/go/pkg/mod/github.com/r2day/db@v0.3.5/redis.go:39","func":"github.com/r2day/db.InitRedisDB","level":"info","msg":"connect redis successful","pong":"PONG","poolSize":100,"redisAddr":"mini_redis_app:6379","time":"2023-10-08T14:28:35Z"}
{"file":"/app/main.go:61","func":"main.main","level":"info","msg":"running successful","port":"8080","time":"2023-10-08T14:28:35Z"}
{"db":4,"file":"/go/pkg/mod/github.com/open4go/auth@v0.0.5/redis.go:40","func":"github.com/open4go/auth.InitRedisDB","level":"info","msg":"connect redis successful","pong":"PONG","poolSize":100,"redisAddr":"mini_redis_app:6379","time":"2023-10-08T15:54:39Z"}
{"db":0,"file":"/go/pkg/mod/github.com/r2day/db@v0.3.5/redis.go:39","func":"github.com/r2day/db.InitRedisDB","level":"info","msg":"connect redis successful","pong":"PONG","poolSize":100,"redisAddr":"mini_redis_app:6379","time":"2023-10-08T15:54:39Z"}
{"file":"/app/main.go:61","func":"main.main","level":"info","msg":"running successful","port":"8080","time":"2023-10-08T15:54:39Z"}
{"db":4,"file":"/go/pkg/mod/github.com/open4go/auth@v0.0.5/redis.go:40","func":"github.com/open4go/auth.InitRedisDB","level":"info","msg":"connect redis successful","pong":"PONG","poolSize":100,"redisAddr":"mini_redis_app:6379","time":"2023-10-08T16:02:39Z"}
{"db":0,"file":"/go/pkg/mod/github.com/r2day/db@v0.3.5/redis.go:39","func":"github.com/r2day/db.InitRedisDB","level":"info","msg":"connect redis successful","pong":"PONG","poolSize":100,"redisAddr":"mini_redis_app:6379","time":"2023-10-08T16:02:39Z"}
{"file":"/app/main.go:61","func":"main.main","level":"info","msg":"running successful","port":"8080","time":"2023-10-08T16:02:39Z"}
{"db":4,"file":"/go/pkg/mod/github.com/open4go/auth@v0.0.5/redis.go:40","func":"github.com/open4go/auth.InitRedisDB","level":"info","msg":"connect redis successful","pong":"PONG","poolSize":100,"redisAddr":"mini_redis_app:6379","time":"2023-10-08T17:01:16Z"}
{"db":0,"file":"/go/pkg/mod/github.com/r2day/db@v0.3.5/redis.go:39","func":"github.com/r2day/db.InitRedisDB","level":"info","msg":"connect redis successful","pong":"PONG","poolSize":100,"redisAddr":"mini_redis_app:6379","time":"2023-10-08T17:01:16Z"}
{"file":"/app/main.go:61","func":"main.main","level":"info","msg":"running successful","port":"8080","time":"2023-10-08T17:01:16Z"}
{"db":4,"file":"/go/pkg/mod/github.com/open4go/auth@v0.0.5/redis.go:40","func":"github.com/open4go/auth.InitRedisDB","level":"info","msg":"connect redis successful","pong":"PONG","poolSize":100,"redisAddr":"mini_redis_app:6379","time":"2023-10-08T17:06:10Z"}
{"db":0,"file":"/go/pkg/mod/github.com/r2day/db@v0.3.5/redis.go:39","func":"github.com/r2day/db.InitRedisDB","level":"info","msg":"connect redis successful","pong":"PONG","poolSize":100,"redisAddr":"mini_redis_app:6379","time":"2023-10-08T17:06:10Z"}
{"file":"/app/main.go:61","func":"main.main","level":"info","msg":"running successful","port":"8080","time":"2023-10-08T17:06:10Z"}
{"db":4,"file":"/go/pkg/mod/github.com/open4go/auth@v0.0.5/redis.go:40","func":"github.com/open4go/auth.InitRedisDB","level":"info","msg":"connect redis successful","pong":"PONG","poolSize":100,"redisAddr":"mini_redis_app:6379","time":"2023-10-08T17:14:19Z"}
{"db":0,"file":"/go/pkg/mod/github.com/r2day/db@v0.3.5/redis.go:39","func":"github.com/r2day/db.InitRedisDB","level":"info","msg":"connect redis successful","pong":"PONG","poolSize":100,"redisAddr":"mini_redis_app:6379","time":"2023-10-08T17:14:19Z"}
{"file":"/app/main.go:61","func":"main.main","level":"info","msg":"running successful","port":"8080","time":"2023-10-08T17:14:19Z"}
{"db":4,"file":"/go/pkg/mod/github.com/open4go/auth@v0.0.5/redis.go:40","func":"github.com/open4go/auth.InitRedisDB","level":"info","msg":"connect redis successful","pong":"PONG","poolSize":100,"redisAddr":"mini_redis_app:6379","time":"2023-10-08T17:17:28Z"}
{"db":0,"file":"/go/pkg/mod/github.com/r2day/db@v0.3.5/redis.go:39","func":"github.com/r2day/db.InitRedisDB","level":"info","msg":"connect redis successful","pong":"PONG","poolSize":100,"redisAddr":"mini_redis_app:6379","time":"2023-10-08T17:17:28Z"}
{"file":"/app/main.go:61","func":"main.main","level":"info","msg":"running successful","port":"8080","time":"2023-10-08T17:17:28Z"}
{"db":4,"file":"/go/pkg/mod/github.com/open4go/auth@v0.0.5/redis.go:40","func":"github.com/open4go/auth.InitRedisDB","level":"info","msg":"connect redis successful","pong":"PONG","poolSize":100,"redisAddr":"mini_redis_app:6379","time":"2023-10-08T17:19:45Z"}
{"db":0,"file":"/go/pkg/mod/github.com/r2day/db@v0.3.5/redis.go:39","func":"github.com/r2day/db.InitRedisDB","level":"info","msg":"connect redis successful","pong":"PONG","poolSize":100,"redisAddr":"mini_redis_app:6379","time":"2023-10-08T17:19:45Z"}
{"file":"/app/main.go:61","func":"main.main","level":"info","msg":"running successful","port":"8080","time":"2023-10-08T17:19:45Z"}
{"db":4,"file":"/go/pkg/mod/github.com/open4go/auth@v0.0.5/redis.go:40","func":"github.com/open4go/auth.InitRedisDB","level":"info","msg":"connect redis successful","pong":"PONG","poolSize":100,"redisAddr":"mini_redis_app:6379","time":"2023-10-08T17:27:59Z"}
{"db":0,"file":"/go/pkg/mod/github.com/r2day/db@v0.3.5/redis.go:39","func":"github.com/r2day/db.InitRedisDB","level":"info","msg":"connect redis successful","pong":"PONG","poolSize":100,"redisAddr":"mini_redis_app:6379","time":"2023-10-08T17:27:59Z"}
{"file":"/app/main.go:61","func":"main.main","level":"info","msg":"running successful","port":"8080","time":"2023-10-08T17:27:59Z"}
{"db":4,"file":"/go/pkg/mod/github.com/open4go/auth@v0.0.5/redis.go:40","func":"github.com/open4go/auth.InitRedisDB","level":"info","msg":"connect redis successful","pong":"PONG","poolSize":100,"redisAddr":"mini_redis_app:6379","time":"2023-10-08T17:31:17Z"}
{"db":0,"file":"/go/pkg/mod/github.com/r2day/db@v0.3.5/redis.go:39","func":"github.com/r2day/db.InitRedisDB","level":"info","msg":"connect redis successful","pong":"PONG","poolSize":100,"redisAddr":"mini_redis_app:6379","time":"2023-10-08T17:31:17Z"}
{"file":"/app/main.go:61","func":"main.main","level":"info","msg":"running successful","port":"8080","time":"2023-10-08T17:31:17Z"}
{"db":4,"file":"/go/pkg/mod/github.com/open4go/auth@v0.0.5/redis.go:40","func":"github.com/open4go/auth.InitRedisDB","level":"info","msg":"connect redis successful","pong":"PONG","poolSize":100,"redisAddr":"mini_redis_app:6379","time":"2023-10-08T17:45:17Z"}
{"db":0,"file":"/go/pkg/mod/github.com/r2day/db@v0.3.5/redis.go:39","func":"github.com/r2day/db.InitRedisDB","level":"info","msg":"connect redis successful","pong":"PONG","poolSize":100,"redisAddr":"mini_redis_app:6379","time":"2023-10-08T17:45:17Z"}
{"file":"/app/main.go:61","func":"main.main","level":"info","msg":"running successful","port":"8080","time":"2023-10-08T17:45:17Z"}
{"db":4,"file":"/go/pkg/mod/github.com/open4go/auth@v0.0.5/redis.go:40","func":"github.com/open4go/auth.InitRedisDB","level":"info","msg":"connect redis successful","pong":"PONG","poolSize":100,"redisAddr":"mini_redis_app:6379","time":"2023-10-08T18:00:04Z"}
{"db":0,"file":"/go/pkg/mod/github.com/r2day/db@v0.3.5/redis.go:39","func":"github.com/r2day/db.InitRedisDB","level":"info","msg":"connect redis successful","pong":"PONG","poolSize":100,"redisAddr":"mini_redis_app:6379","time":"2023-10-08T18:00:04Z"}
{"file":"/app/main.go:61","func":"main.main","level":"info","msg":"running successful","port":"8080","time":"2023-10-08T18:00:04Z"}
{"db":4,"file":"/go/pkg/mod/github.com/open4go/auth@v0.0.5/redis.go:40","func":"github.com/open4go/auth.InitRedisDB","level":"info","msg":"connect redis successful","pong":"PONG","poolSize":100,"redisAddr":"mini_redis_app:6379","time":"2023-10-08T18:01:36Z"}
{"db":0,"file":"/go/pkg/mod/github.com/r2day/db@v0.3.5/redis.go:39","func":"github.com/r2day/db.InitRedisDB","level":"info","msg":"connect redis successful","pong":"PONG","poolSize":100,"redisAddr":"mini_redis_app:6379","time":"2023-10-08T18:01:36Z"}
{"file":"/app/main.go:61","func":"main.main","level":"info","msg":"running successful","port":"8080","time":"2023-10-08T18:01:36Z"}
{"db":4,"file":"/go/pkg/mod/github.com/open4go/auth@v0.0.5/redis.go:40","func":"github.com/open4go/auth.InitRedisDB","level":"info","msg":"connect redis successful","pong":"PONG","poolSize":100,"redisAddr":"mini_redis_app:6379","time":"2023-10-08T18:15:59Z"}
{"db":0,"file":"/go/pkg/mod/github.com/r2day/db@v0.3.5/redis.go:39","func":"github.com/r2day/db.InitRedisDB","level":"info","msg":"connect redis successful","pong":"PONG","poolSize":100,"redisAddr":"mini_redis_app:6379","time":"2023-10-08T18:15:59Z"}
{"file":"/app/main.go:61","func":"main.main","level":"info","msg":"running successful","port":"8080","time":"2023-10-08T18:15:59Z"}
{"db":4,"file":"/go/pkg/mod/github.com/open4go/auth@v0.0.5/redis.go:40","func":"github.com/open4go/auth.InitRedisDB","level":"info","msg":"connect redis successful","pong":"PONG","poolSize":100,"redisAddr":"mini_redis_app:6379","time":"2023-10-09T10:40:02Z"}
{"db":0,"file":"/go/pkg/mod/github.com/r2day/db@v0.3.5/redis.go:39","func":"github.com/r2day/db.InitRedisDB","level":"info","msg":"connect redis successful","pong":"PONG","poolSize":100,"redisAddr":"mini_redis_app:6379","time":"2023-10-09T10:40:02Z"}
{"file":"/app/main.go:61","func":"main.main","level":"info","msg":"running successful","port":"8080","time":"2023-10-09T10:40:02Z"}
{"db":4,"file":"/go/pkg/mod/github.com/open4go/auth@v0.0.5/redis.go:40","func":"github.com/open4go/auth.InitRedisDB","level":"info","msg":"connect redis successful","pong":"PONG","poolSize":100,"redisAddr":"mini_redis_app:6379","time":"2023-10-09T11:10:24Z"}
{"db":0,"file":"/go/pkg/mod/github.com/r2day/db@v0.3.5/redis.go:39","func":"github.com/r2day/db.InitRedisDB","level":"info","msg":"connect redis successful","pong":"PONG","poolSize":100,"redisAddr":"mini_redis_app:6379","time":"2023-10-09T11:10:24Z"}
{"file":"/app/main.go:61","func":"main.main","level":"info","msg":"running successful","port":"8080","time":"2023-10-09T11:10:24Z"}
{"file":"/app/api/mini/order/cancel_order.go:73","func":"github.com/h71j/order-center/api/mini/order.(*cancelOrderLogic).Cancel","level":"info","msg":"已申请取消订单","order_no":"HLJ1711338454287126528","time":"2023-10-09T11:11:38Z"}
{"db":4,"file":"/go/pkg/mod/github.com/open4go/auth@v0.0.5/redis.go:40","func":"github.com/open4go/auth.InitRedisDB","level":"info","msg":"connect redis successful","pong":"PONG","poolSize":100,"redisAddr":"mini_redis_app:6379","time":"2023-10-13T09:53:57Z"}
{"db":0,"file":"/go/pkg/mod/github.com/r2day/db@v0.3.5/redis.go:39","func":"github.com/r2day/db.InitRedisDB","level":"info","msg":"connect redis successful","pong":"PONG","poolSize":100,"redisAddr":"mini_redis_app:6379","time":"2023-10-13T09:53:57Z"}
{"file":"/app/main.go:61","func":"main.main","level":"info","msg":"running successful","port":"8080","time":"2023-10-13T09:53:57Z"}
{"db":4,"file":"/go/pkg/mod/github.com/open4go/auth@v0.0.5/redis.go:40","func":"github.com/open4go/auth.InitRedisDB","level":"info","msg":"connect redis successful","pong":"PONG","poolSize":100,"redisAddr":"mini_redis_app:6379","time":"2023-10-13T10:02:50Z"}
{"db":0,"file":"/go/pkg/mod/github.com/r2day/db@v0.3.5/redis.go:39","func":"github.com/r2day/db.InitRedisDB","level":"info","msg":"connect redis successful","pong":"PONG","poolSize":100,"redisAddr":"mini_redis_app:6379","time":"2023-10-13T10:02:50Z"}
{"file":"/app/main.go:61","func":"main.main","level":"info","msg":"running successful","port":"8080","time":"2023-10-13T10:02:50Z"}
{"db":4,"file":"/go/pkg/mod/github.com/open4go/auth@v0.0.5/redis.go:40","func":"github.com/open4go/auth.InitRedisDB","level":"info","msg":"connect redis successful","pong":"PONG","poolSize":100,"redisAddr":"mini_redis_app:6379","time":"2023-10-13T10:04:03Z"}
{"db":0,"file":"/go/pkg/mod/github.com/r2day/db@v0.3.5/redis.go:39","func":"github.com/r2day/db.InitRedisDB","level":"info","msg":"connect redis successful","pong":"PONG","poolSize":100,"redisAddr":"mini_redis_app:6379","time":"2023-10-13T10:04:03Z"}
{"file":"/app/main.go:61","func":"main.main","level":"info","msg":"running successful","port":"8080","time":"2023-10-13T10:04:03Z"}
{"db":4,"file":"/go/pkg/mod/github.com/open4go/auth@v0.0.5/redis.go:40","func":"github.com/open4go/auth.InitRedisDB","level":"info","msg":"connect redis successful","pong":"PONG","poolSize":100,"redisAddr":"mini_redis_app:6379","time":"2023-10-13T10:19:48Z"}
{"db":0,"file":"/go/pkg/mod/github.com/r2day/db@v0.3.5/redis.go:39","func":"github.com/r2day/db.InitRedisDB","level":"info","msg":"connect redis successful","pong":"PONG","poolSize":100,"redisAddr":"mini_redis_app:6379","time":"2023-10-13T10:19:48Z"}
{"file":"/app/main.go:61","func":"main.main","level":"info","msg":"running successful","port":"8080","time":"2023-10-13T10:19:48Z"}
{"db":4,"file":"/go/pkg/mod/github.com/open4go/auth@v0.0.5/redis.go:40","func":"github.com/open4go/auth.InitRedisDB","level":"info","msg":"connect redis successful","pong":"PONG","poolSize":100,"redisAddr":"mini_redis_app:6379","time":"2023-10-13T10:54:59Z"}
{"db":0,"file":"/go/pkg/mod/github.com/r2day/db@v0.3.5/redis.go:39","func":"github.com/r2day/db.InitRedisDB","level":"info","msg":"connect redis successful","pong":"PONG","poolSize":100,"redisAddr":"mini_redis_app:6379","time":"2023-10-13T10:54:59Z"}
{"file":"/app/main.go:61","func":"main.main","level":"info","msg":"running successful","port":"8080","time":"2023-10-13T10:54:59Z"}
{"db":4,"file":"/go/pkg/mod/github.com/open4go/auth@v0.0.5/redis.go:40","func":"github.com/open4go/auth.InitRedisDB","level":"info","msg":"connect redis successful","pong":"PONG","poolSize":100,"redisAddr":"mini_redis_app:6379","time":"2023-10-13T10:59:15Z"}
{"db":0,"file":"/go/pkg/mod/github.com/r2day/db@v0.3.5/redis.go:39","func":"github.com/r2day/db.InitRedisDB","level":"info","msg":"connect redis successful","pong":"PONG","poolSize":100,"redisAddr":"mini_redis_app:6379","time":"2023-10-13T10:59:15Z"}
{"file":"/app/main.go:61","func":"main.main","level":"info","msg":"running successful","port":"8080","time":"2023-10-13T10:59:15Z"}
{"db":4,"file":"/go/pkg/mod/github.com/open4go/auth@v0.0.5/redis.go:40","func":"github.com/open4go/auth.InitRedisDB","level":"info","msg":"connect redis successful","pong":"PONG","poolSize":100,"redisAddr":"mini_redis_app:6379","time":"2023-10-13T10:59:37Z"}
{"db":0,"file":"/go/pkg/mod/github.com/r2day/db@v0.3.5/redis.go:39","func":"github.com/r2day/db.InitRedisDB","level":"info","msg":"connect redis successful","pong":"PONG","poolSize":100,"redisAddr":"mini_redis_app:6379","time":"2023-10-13T10:59:37Z"}
{"file":"/app/main.go:61","func":"main.main","level":"info","msg":"running successful","port":"8080","time":"2023-10-13T10:59:37Z"}
{"db":4,"file":"/go/pkg/mod/github.com/open4go/auth@v0.0.5/redis.go:40","func":"github.com/open4go/auth.InitRedisDB","level":"info","msg":"connect redis successful","pong":"PONG","poolSize":100,"redisAddr":"mini_redis_app:6379","time":"2023-10-13T11:27:21Z"}
{"db":0,"file":"/go/pkg/mod/github.com/r2day/db@v0.3.5/redis.go:39","func":"github.com/r2day/db.InitRedisDB","level":"info","msg":"connect redis successful","pong":"PONG","poolSize":100,"redisAddr":"mini_redis_app:6379","time":"2023-10-13T11:27:21Z"}
{"file":"/app/main.go:61","func":"main.main","level":"info","msg":"running successful","port":"8080","time":"2023-10-13T11:27:21Z"}
{"db":4,"file":"/go/pkg/mod/github.com/open4go/auth@v0.0.5/redis.go:40","func":"github.com/open4go/auth.InitRedisDB","level":"info","msg":"connect redis successful","pong":"PONG","poolSize":100,"redisAddr":"mini_redis_app:6379","time":"2023-10-13T12:11:52Z"}
{"db":0,"file":"/go/pkg/mod/github.com/r2day/db@v0.3.5/redis.go:39","func":"github.com/r2day/db.InitRedisDB","level":"info","msg":"connect redis successful","pong":"PONG","poolSize":100,"redisAddr":"mini_redis_app:6379","time":"2023-10-13T12:11:52Z"}
{"file":"/app/main.go:61","func":"main.main","level":"info","msg":"running successful","port":"8080","time":"2023-10-13T12:11:52Z"}
{"db":4,"file":"/go/pkg/mod/github.com/open4go/auth@v0.0.5/redis.go:40","func":"github.com/open4go/auth.InitRedisDB","level":"info","msg":"connect redis successful","pong":"PONG","poolSize":100,"redisAddr":"mini_redis_app:6379","time":"2023-10-13T12:16:41Z"}
{"db":0,"file":"/go/pkg/mod/github.com/r2day/db@v0.3.5/redis.go:39","func":"github.com/r2day/db.InitRedisDB","level":"info","msg":"connect redis successful","pong":"PONG","poolSize":100,"redisAddr":"mini_redis_app:6379","time":"2023-10-13T12:16:41Z"}
{"file":"/app/main.go:61","func":"main.main","level":"info","msg":"running successful","port":"8080","time":"2023-10-13T12:16:41Z"}
{"db":4,"file":"/go/pkg/mod/github.com/open4go/auth@v0.0.5/redis.go:40","func":"github.com/open4go/auth.InitRedisDB","level":"info","msg":"connect redis successful","pong":"PONG","poolSize":100,"redisAddr":"mini_redis_app:6379","time":"2023-10-14T01:41:06Z"}
{"db":0,"file":"/go/pkg/mod/github.com/r2day/db@v0.3.5/redis.go:39","func":"github.com/r2day/db.InitRedisDB","level":"info","msg":"connect redis successful","pong":"PONG","poolSize":100,"redisAddr":"mini_redis_app:6379","time":"2023-10-14T01:41:06Z"}
{"file":"/app/main.go:61","func":"main.main","level":"info","msg":"running successful","port":"8080","time":"2023-10-14T01:41:06Z"}
{"db":4,"file":"/go/pkg/mod/github.com/open4go/auth@v0.0.5/redis.go:40","func":"github.com/open4go/auth.InitRedisDB","level":"info","msg":"connect redis successful","pong":"PONG","poolSize":100,"redisAddr":"mini_redis_app:6379","time":"2023-10-14T02:06:12Z"}
{"db":0,"file":"/go/pkg/mod/github.com/r2day/db@v0.3.5/redis.go:39","func":"github.com/r2day/db.InitRedisDB","level":"info","msg":"connect redis successful","pong":"PONG","poolSize":100,"redisAddr":"mini_redis_app:6379","time":"2023-10-14T02:06:12Z"}
{"file":"/app/main.go:61","func":"main.main","level":"info","msg":"running successful","port":"8080","time":"2023-10-14T02:06:12Z"}
{"db":4,"file":"/go/pkg/mod/github.com/open4go/auth@v0.0.5/redis.go:40","func":"github.com/open4go/auth.InitRedisDB","level":"info","msg":"connect redis successful","pong":"PONG","poolSize":100,"redisAddr":"mini_redis_app:6379","time":"2023-10-14T06:21:51Z"}
{"db":0,"file":"/go/pkg/mod/github.com/r2day/db@v0.3.5/redis.go:39","func":"github.com/r2day/db.InitRedisDB","level":"info","msg":"connect redis successful","pong":"PONG","poolSize":100,"redisAddr":"mini_redis_app:6379","time":"2023-10-14T06:21:51Z"}
{"file":"/app/main.go:63","func":"main.main","level":"info","msg":"running successful","port":"8080","time":"2023-10-14T06:21:51Z"}
{"db":4,"file":"/go/pkg/mod/github.com/open4go/auth@v0.0.5/redis.go:40","func":"github.com/open4go/auth.InitRedisDB","level":"info","msg":"connect redis successful","pong":"PONG","poolSize":100,"redisAddr":"mini_redis_app:6379","time":"2023-10-14T06:52:39Z"}
{"db":0,"file":"/go/pkg/mod/github.com/r2day/db@v0.3.5/redis.go:39","func":"github.com/r2day/db.InitRedisDB","level":"info","msg":"connect redis successful","pong":"PONG","poolSize":100,"redisAddr":"mini_redis_app:6379","time":"2023-10-14T06:52:39Z"}
{"file":"/app/main.go:63","func":"main.main","level":"info","msg":"running successful","port":"8080","time":"2023-10-14T06:52:39Z"}
{"db":4,"file":"/go/pkg/mod/github.com/open4go/auth@v0.0.5/redis.go:40","func":"github.com/open4go/auth.InitRedisDB","level":"info","msg":"connect redis successful","pong":"PONG","poolSize":100,"redisAddr":"mini_redis_app:6379","time":"2023-10-14T07:08:50Z"}
{"db":0,"file":"/go/pkg/mod/github.com/r2day/db@v0.3.5/redis.go:39","func":"github.com/r2day/db.InitRedisDB","level":"info","msg":"connect redis successful","pong":"PONG","poolSize":100,"redisAddr":"mini_redis_app:6379","time":"2023-10-14T07:08:50Z"}
{"file":"/app/main.go:63","func":"main.main","level":"info","msg":"running successful","port":"8080","time":"2023-10-14T07:08:50Z"}
