{"db":4,"file":"/go/pkg/mod/github.com/open4go/auth@v0.0.5/redis.go:40","func":"github.com/open4go/auth.InitRedisDB","level":"info","msg":"connect redis successful","pong":"PONG","poolSize":100,"redisAddr":"mini_redis_app:6379","time":"2023-10-29T05:38:33Z"}
{"db":0,"file":"/go/pkg/mod/github.com/r2day/db@v0.3.5/redis.go:39","func":"github.com/r2day/db.InitRedisDB","level":"info","msg":"connect redis successful","pong":"PONG","poolSize":100,"redisAddr":"mini_redis_app:6379","time":"2023-10-29T05:38:33Z"}
{"file":"/app/main.go:61","func":"main.main","level":"info","msg":"running successful","port":"8080","time":"2023-10-29T05:38:33Z"}
{"db":4,"file":"/go/pkg/mod/github.com/open4go/auth@v0.0.5/redis.go:40","func":"github.com/open4go/auth.InitRedisDB","level":"info","msg":"connect redis successful","pong":"PONG","poolSize":100,"redisAddr":"mini_redis_app:6379","time":"2023-10-29T05:43:01Z"}
{"db":0,"file":"/go/pkg/mod/github.com/r2day/db@v0.3.5/redis.go:39","func":"github.com/r2day/db.InitRedisDB","level":"info","msg":"connect redis successful","pong":"PONG","poolSize":100,"redisAddr":"mini_redis_app:6379","time":"2023-10-29T05:43:01Z"}
{"file":"/app/main.go:61","func":"main.main","level":"info","msg":"running successful","port":"8080","time":"2023-10-29T05:43:01Z"}
{"file":"/app/api/mini/auth/handle.go:31","func":"github.com/h71j/member-center/api/mini/auth.DefaultEndpoint","level":"info","msg":"登录请求参数: \u0026{Code:0f17ErFa1dIyhG0qANGa1JIiXE07ErFk InviteCode:}","time":"2023-10-29T05:52:14Z"}
{"db":4,"file":"/go/pkg/mod/github.com/open4go/auth@v0.0.5/redis.go:40","func":"github.com/open4go/auth.InitRedisDB","level":"info","msg":"connect redis successful","pong":"PONG","poolSize":100,"redisAddr":"mini_redis_app:6379","time":"2023-10-29T06:22:41Z"}
{"db":0,"file":"/go/pkg/mod/github.com/r2day/db@v0.3.5/redis.go:39","func":"github.com/r2day/db.InitRedisDB","level":"info","msg":"connect redis successful","pong":"PONG","poolSize":100,"redisAddr":"mini_redis_app:6379","time":"2023-10-29T06:22:41Z"}
{"file":"/app/main.go:61","func":"main.main","level":"info","msg":"running successful","port":"8080","time":"2023-10-29T06:22:41Z"}
{"file":"/app/api/mini/auth/handle.go:31","func":"github.com/h71j/member-center/api/mini/auth.DefaultEndpoint","level":"info","msg":"登录请求参数: \u0026{Code:0a17alll2J10ic4DVGkl2dUZky37allB InviteCode:}","time":"2023-10-29T06:27:00Z"}
{"file":"/app/api/mini/auth/handle.go:31","func":"github.com/h71j/member-center/api/mini/auth.DefaultEndpoint","level":"info","msg":"登录请求参数: \u0026{Code:0c1nkjGa1vEMhG0kLUHa1LjTCq1nkjGF InviteCode:}","time":"2023-10-29T06:33:48Z"}
{"file":"/app/api/mini/auth/handle.go:31","func":"github.com/h71j/member-center/api/mini/auth.DefaultEndpoint","level":"info","msg":"登录请求参数: \u0026{Code:0e1pCNkl2Q2rhc4rMmnl2PInzy1pCNkP InviteCode:}","time":"2023-10-29T06:36:05Z"}
{"file":"/app/api/mini/auth/handle.go:31","func":"github.com/h71j/member-center/api/mini/auth.DefaultEndpoint","level":"info","msg":"登录请求参数: \u0026{Code:0f1YtlGa1ttChG0hLpFa1IUxZw0YtlGu InviteCode:}","time":"2023-10-29T07:09:09Z"}
{"file":"/app/api/mini/auth/handle.go:31","func":"github.com/h71j/member-center/api/mini/auth.DefaultEndpoint","level":"info","msg":"登录请求参数: \u0026{Code:0f1yCCGa13UMgG0i1qHa1wIUVs1yCCGX InviteCode:}","time":"2023-10-29T07:10:37Z"}
{"file":"/app/api/mini/auth/handle.go:31","func":"github.com/h71j/member-center/api/mini/auth.DefaultEndpoint","level":"info","msg":"登录请求参数: \u0026{Code:0f16eL000XhEWQ1Wqe100i1w7o36eL0y InviteCode:}","time":"2023-10-29T07:10:39Z"}
{"file":"/app/api/mini/auth/handle.go:31","func":"github.com/h71j/member-center/api/mini/auth.DefaultEndpoint","level":"info","msg":"登录请求参数: \u0026{Code:0f1fKPkl2H1Phc4Jiqll2JCSFi1fKPk7 InviteCode:}","time":"2023-10-29T07:10:58Z"}
{"file":"/app/api/mini/auth/handle.go:31","func":"github.com/h71j/member-center/api/mini/auth.DefaultEndpoint","level":"info","msg":"登录请求参数: \u0026{Code:0b1Ox4Ga1a2lhG0dpMFa1aCqZB1Ox4Gs InviteCode:}","time":"2023-10-29T07:10:58Z"}
{"file":"/app/api/mini/auth/handle.go:31","func":"github.com/h71j/member-center/api/mini/auth.DefaultEndpoint","level":"info","msg":"登录请求参数: \u0026{Code:0e19ECGa1jSMgG0t80Ja1roBgi09ECGp InviteCode:}","time":"2023-10-29T07:11:02Z"}
{"file":"/app/api/mini/auth/handle.go:31","func":"github.com/h71j/member-center/api/mini/auth.DefaultEndpoint","level":"info","msg":"登录请求参数: \u0026{Code:0d1dKaHa1fMegG0QvCIa1dXszZ3dKaHu InviteCode:}","time":"2023-10-29T07:11:02Z"}
{"file":"/app/api/mini/auth/handle.go:31","func":"github.com/h71j/member-center/api/mini/auth.DefaultEndpoint","level":"info","msg":"登录请求参数: \u0026{Code:0f1S2uml2IFagc45q2nl2kqb3w3S2umb InviteCode:}","time":"2023-10-29T07:11:04Z"}
{"file":"/app/api/mini/auth/handle.go:31","func":"github.com/h71j/member-center/api/mini/auth.DefaultEndpoint","level":"info","msg":"登录请求参数: \u0026{Code:0d1Mlj100La6WQ1koB100qJxKS3Mlj1- InviteCode:}","time":"2023-10-29T07:11:05Z"}
{"file":"/app/api/mini/auth/handle.go:31","func":"github.com/h71j/member-center/api/mini/auth.DefaultEndpoint","level":"info","msg":"登录请求参数: \u0026{Code:0f18mL0000tEWQ10ty300IPIQl38mL03 InviteCode:}","time":"2023-10-29T07:12:46Z"}
{"file":"/app/api/mini/auth/handle.go:31","func":"github.com/h71j/member-center/api/mini/auth.DefaultEndpoint","level":"info","msg":"登录请求参数: \u0026{Code:0b1jp2100qvVWQ1Dqr000tdBhV1jp21- InviteCode:}","time":"2023-10-29T07:12:49Z"}
{"file":"/app/api/mini/auth/handle.go:31","func":"github.com/h71j/member-center/api/mini/auth.DefaultEndpoint","level":"info","msg":"登录请求参数: \u0026{Code:0f14PTGa1314hG0oGBIa1Yw8Hn24PTGe InviteCode:}","time":"2023-10-29T07:13:07Z"}
{"file":"/app/api/mini/auth/handle.go:31","func":"github.com/h71j/member-center/api/mini/auth.DefaultEndpoint","level":"info","msg":"登录请求参数: \u0026{Code:0e1qhd000EscXQ1C9j1002mJ5h0qhd0d InviteCode:}","time":"2023-10-29T07:13:08Z"}
{"file":"/app/api/mini/auth/handle.go:31","func":"github.com/h71j/member-center/api/mini/auth.DefaultEndpoint","level":"info","msg":"登录请求参数: \u0026{Code:0d1gG4Ga1g4lhG0QbUGa10RdRU0gG4GW InviteCode:}","time":"2023-10-29T07:13:12Z"}
{"file":"/app/api/mini/auth/handle.go:31","func":"github.com/h71j/member-center/api/mini/auth.DefaultEndpoint","level":"info","msg":"登录请求参数: \u0026{Code:0b1heq0w3pOMC13Yr53w3l3NO43heq01 InviteCode:}","time":"2023-10-29T07:13:12Z"}
{"file":"/app/api/mini/auth/handle.go:31","func":"github.com/h71j/member-center/api/mini/auth.DefaultEndpoint","level":"info","msg":"登录请求参数: \u0026{Code:0d13buml27Magc4OCnol2dv1N943bumY InviteCode:}","time":"2023-10-29T07:13:14Z"}
{"file":"/app/api/mini/auth/handle.go:31","func":"github.com/h71j/member-center/api/mini/auth.DefaultEndpoint","level":"info","msg":"登录请求参数: \u0026{Code:0f1Y1Fll2f1yhc4dNzll2ORoei0Y1FlY InviteCode:}","time":"2023-10-29T07:13:15Z"}
{"file":"/app/api/mini/auth/handle.go:31","func":"github.com/h71j/member-center/api/mini/auth.DefaultEndpoint","level":"info","msg":"登录请求参数: \u0026{Code:0e1ZQxFa1maUhG0FS7Ga1hl0Lc3ZQxFi InviteCode:}","time":"2023-10-29T07:34:03Z"}
{"file":"/app/api/mini/auth/handle.go:31","func":"github.com/h71j/member-center/api/mini/auth.DefaultEndpoint","level":"info","msg":"登录请求参数: \u0026{Code:0e3eHM000zlFWQ1i4A200sHSHY1eHM0B InviteCode:}","time":"2023-10-29T07:34:45Z"}
{"file":"/app/api/mini/auth/handle.go:31","func":"github.com/h71j/member-center/api/mini/auth.DefaultEndpoint","level":"info","msg":"登录请求参数: \u0026{Code:0a3ahl1009h9WQ1IAY200CaITW2ahl10 InviteCode:}","time":"2023-10-29T07:42:40Z"}
{"file":"/app/api/mini/auth/handle.go:31","func":"github.com/h71j/member-center/api/mini/auth.DefaultEndpoint","level":"info","msg":"登录请求参数: \u0026{Code:0b3QYa0w3dLyC13vYW3w30DAfJ2QYa0y InviteCode:}","time":"2023-10-29T07:42:44Z"}
{"db":4,"file":"/go/pkg/mod/github.com/open4go/auth@v0.0.5/redis.go:40","func":"github.com/open4go/auth.InitRedisDB","level":"info","msg":"connect redis successful","pong":"PONG","poolSize":100,"redisAddr":"mini_redis_app:6379","time":"2023-10-29T07:53:13Z"}
{"db":0,"file":"/go/pkg/mod/github.com/r2day/db@v0.3.5/redis.go:39","func":"github.com/r2day/db.InitRedisDB","level":"info","msg":"connect redis successful","pong":"PONG","poolSize":100,"redisAddr":"mini_redis_app:6379","time":"2023-10-29T07:53:13Z"}
{"file":"/app/main.go:61","func":"main.main","level":"info","msg":"running successful","port":"8080","time":"2023-10-29T07:53:13Z"}
{"db":4,"file":"/go/pkg/mod/github.com/open4go/auth@v0.0.5/redis.go:40","func":"github.com/open4go/auth.InitRedisDB","level":"info","msg":"connect redis successful","pong":"PONG","poolSize":100,"redisAddr":"mini_redis_app:6379","time":"2023-10-29T13:22:27Z"}
{"db":0,"file":"/go/pkg/mod/github.com/r2day/db@v0.3.5/redis.go:39","func":"github.com/r2day/db.InitRedisDB","level":"info","msg":"connect redis successful","pong":"PONG","poolSize":100,"redisAddr":"mini_redis_app:6379","time":"2023-10-29T13:22:27Z"}
{"file":"/app/main.go:61","func":"main.main","level":"info","msg":"running successful","port":"8080","time":"2023-10-29T13:22:27Z"}
{"db":4,"file":"/go/pkg/mod/github.com/open4go/auth@v0.0.5/redis.go:40","func":"github.com/open4go/auth.InitRedisDB","level":"info","msg":"connect redis successful","pong":"PONG","poolSize":100,"redisAddr":"mini_redis_app:6379","time":"2023-10-29T13:35:56Z"}
{"db":0,"file":"/go/pkg/mod/github.com/r2day/db@v0.3.5/redis.go:39","func":"github.com/r2day/db.InitRedisDB","level":"info","msg":"connect redis successful","pong":"PONG","poolSize":100,"redisAddr":"mini_redis_app:6379","time":"2023-10-29T13:35:56Z"}
{"file":"/app/main.go:61","func":"main.main","level":"info","msg":"running successful","port":"8080","time":"2023-10-29T13:35:56Z"}
{"file":"/app/api/mini/auth/handle.go:31","func":"github.com/h71j/member-center/api/mini/auth.DefaultEndpoint","level":"info","msg":"登录请求参数: \u0026{Code:0f3lWE000gZsWQ1WTu1007fuQe0lWE09 InviteCode:}","time":"2023-10-29T14:46:47Z"}
{"file":"/app/api/mini/auth/handle.go:31","func":"github.com/h71j/member-center/api/mini/auth.DefaultEndpoint","level":"info","msg":"登录请求参数: \u0026{Code:0f3lNC1008gaWQ1AJU000RKE1V3lNC1c InviteCode:}","time":"2023-10-30T02:28:51Z"}
{"createNewAccountIfNeed":{"openid":"oV4HY5RO5EyQvpyx9v6SqndcytDQ","session_key":"ZDX5F/qbedNUEgomF1SrOQ==","unionid":"","errcode":0,"errmsg":""},"file":"/app/api/mini/auth/handle.go:52","func":"github.com/h71j/member-center/api/mini/auth.DefaultEndpoint","level":"error","msg":"new user has been created, please try again","time":"2023-10-30T02:28:51Z"}
{"file":"/app/api/mini/auth/handle.go:31","func":"github.com/h71j/member-center/api/mini/auth.DefaultEndpoint","level":"info","msg":"登录请求参数: \u0026{Code:0e30vs0w37LzC13P1Y0w3KD6jB20vs0I InviteCode:}","time":"2023-10-30T02:28:55Z"}
{"db":4,"file":"/go/pkg/mod/github.com/open4go/auth@v0.0.5/redis.go:40","func":"github.com/open4go/auth.InitRedisDB","level":"info","msg":"connect redis successful","pong":"PONG","poolSize":100,"redisAddr":"mini_redis_app:6379","time":"2023-10-30T07:00:07Z"}
{"db":0,"file":"/go/pkg/mod/github.com/r2day/db@v0.3.5/redis.go:39","func":"github.com/r2day/db.InitRedisDB","level":"info","msg":"connect redis successful","pong":"PONG","poolSize":100,"redisAddr":"mini_redis_app:6379","time":"2023-10-30T07:00:08Z"}
{"file":"/app/main.go:61","func":"main.main","level":"info","msg":"running successful","port":"8080","time":"2023-10-30T07:00:08Z"}
{"file":"/app/api/mini/auth/handle.go:31","func":"github.com/h71j/member-center/api/mini/auth.DefaultEndpoint","level":"info","msg":"登录请求参数: \u0026{Code:0e3FM71w3T6JB13NDL1w3Qslze2FM71A InviteCode:}","time":"2023-10-30T13:46:02Z"}
{"db":4,"file":"/go/pkg/mod/github.com/open4go/auth@v0.0.5/redis.go:40","func":"github.com/open4go/auth.InitRedisDB","level":"info","msg":"connect redis successful","pong":"PONG","poolSize":100,"redisAddr":"mini_redis_app:6379","time":"2023-10-30T15:57:11Z"}
{"db":0,"file":"/go/pkg/mod/github.com/r2day/db@v0.3.5/redis.go:39","func":"github.com/r2day/db.InitRedisDB","level":"info","msg":"connect redis successful","pong":"PONG","poolSize":100,"redisAddr":"mini_redis_app:6379","time":"2023-10-30T15:57:11Z"}
{"file":"/app/main.go:61","func":"main.main","level":"info","msg":"running successful","port":"8080","time":"2023-10-30T15:57:11Z"}
{"file":"/app/api/mini/auth/handle.go:31","func":"github.com/h71j/member-center/api/mini/auth.DefaultEndpoint","level":"info","msg":"登录请求参数: \u0026{Code:0f1V4xFa1HdZhG0ObuIa1MY6Xp2V4xF8 InviteCode:}","time":"2023-10-30T15:58:40Z"}
{"file":"/app/api/mini/auth/handle.go:31","func":"github.com/h71j/member-center/api/mini/auth.DefaultEndpoint","level":"info","msg":"登录请求参数: \u0026{Code:0a1EZfHa1A95kG095yHa1zes3O0EZfHl InviteCode:}","time":"2023-11-01T01:51:49Z"}
{"file":"/app/api/mini/auth/handle.go:31","func":"github.com/h71j/member-center/api/mini/auth.DefaultEndpoint","level":"info","msg":"登录请求参数: \u0026{Code:0c1EuGGa1zCTjG0XcfHa1PjWC91EuGGe InviteCode:}","time":"2023-11-02T00:46:55Z"}
{"file":"/app/api/mini/auth/handle.go:31","func":"github.com/h71j/member-center/api/mini/auth.DefaultEndpoint","level":"info","msg":"登录请求参数: \u0026{Code:0d1UrpGa1TpwiG0lSrJa1jIVTM0UrpG3 InviteCode:}","time":"2023-11-02T00:46:59Z"}
{"file":"/app/api/mini/auth/handle.go:31","func":"github.com/h71j/member-center/api/mini/auth.DefaultEndpoint","level":"info","msg":"登录请求参数: \u0026{Code:0b10p8Ga1UmfiG04a0Ga1zABoq30p8Gf InviteCode:}","time":"2023-11-02T00:47:02Z"}
{"file":"/app/api/mini/auth/handle.go:31","func":"github.com/h71j/member-center/api/mini/auth.DefaultEndpoint","level":"info","msg":"登录请求参数: \u0026{Code:0d10opFa1PZWjG04SmHa12AOkD40opFn InviteCode:}","time":"2023-11-04T10:23:01Z"}
{"createNewAccountIfNeed":{"openid":"oV4HY5QABdjmUmMAJ7YNZF7jcz7k","session_key":"ehAPEnC4alJjRAKnLnMmRQ==","unionid":"","errcode":0,"errmsg":""},"file":"/app/api/mini/auth/handle.go:52","func":"github.com/h71j/member-center/api/mini/auth.DefaultEndpoint","level":"error","msg":"new user has been created, please try again","time":"2023-11-04T10:23:01Z"}
{"file":"/app/api/mini/auth/handle.go:31","func":"github.com/h71j/member-center/api/mini/auth.DefaultEndpoint","level":"info","msg":"登录请求参数: \u0026{Code:0e1IPxll2wQBjc4Svdol26XnsE4IPxlb InviteCode:}","time":"2023-11-04T10:23:03Z"}
{"file":"/app/api/mini/auth/handle.go:31","func":"github.com/h71j/member-center/api/mini/auth.DefaultEndpoint","level":"info","msg":"登录请求参数: \u0026{Code:0e1BqGGa1mAfjG0MxsJa1JXlc83BqGGi InviteCode:}","time":"2023-11-05T07:59:24Z"}
{"file":"/app/api/mini/auth/handle.go:31","func":"github.com/h71j/member-center/api/mini/auth.DefaultEndpoint","level":"info","msg":"登录请求参数: \u0026{Code:0f3wiV100pM0YQ1F5N100QDPNZ1wiV1P InviteCode:}","time":"2023-11-05T08:00:33Z"}
{"file":"/app/api/mini/auth/handle.go:31","func":"github.com/h71j/member-center/api/mini/auth.DefaultEndpoint","level":"info","msg":"登录请求参数: \u0026{Code:0d3pSD0w3YSIF13Bfa3w34cpm42pSD02 InviteCode:}","time":"2023-11-06T14:41:05Z"}
{"file":"/app/api/mini/auth/handle.go:31","func":"github.com/h71j/member-center/api/mini/auth.DefaultEndpoint","level":"info","msg":"登录请求参数: \u0026{Code:0c1icnll2Pvolc4bqIkl2pLTo64icnlL InviteCode:}","time":"2023-11-06T15:24:03Z"}
{"db":4,"file":"/go/pkg/mod/github.com/open4go/auth@v0.0.5/redis.go:40","func":"github.com/open4go/auth.InitRedisDB","level":"info","msg":"connect redis successful","pong":"PONG","poolSize":100,"redisAddr":"mini_redis_app:6379","time":"2023-11-06T16:59:29Z"}
{"db":0,"file":"/go/pkg/mod/github.com/r2day/db@v0.3.5/redis.go:39","func":"github.com/r2day/db.InitRedisDB","level":"info","msg":"connect redis successful","pong":"PONG","poolSize":100,"redisAddr":"mini_redis_app:6379","time":"2023-11-06T16:59:29Z"}
{"file":"/app/main.go:61","func":"main.main","level":"info","msg":"running successful","port":"8080","time":"2023-11-06T16:59:29Z"}
{"db":4,"file":"/go/pkg/mod/github.com/open4go/auth@v0.0.5/redis.go:40","func":"github.com/open4go/auth.InitRedisDB","level":"info","msg":"connect redis successful","pong":"PONG","poolSize":100,"redisAddr":"mini_redis_app:6379","time":"2023-11-06T17:03:53Z"}
{"db":0,"file":"/go/pkg/mod/github.com/r2day/db@v0.3.5/redis.go:39","func":"github.com/r2day/db.InitRedisDB","level":"info","msg":"connect redis successful","pong":"PONG","poolSize":100,"redisAddr":"mini_redis_app:6379","time":"2023-11-06T17:03:53Z"}
{"file":"/app/main.go:61","func":"main.main","level":"info","msg":"running successful","port":"8080","time":"2023-11-06T17:03:53Z"}
{"db":4,"file":"/go/pkg/mod/github.com/open4go/auth@v0.0.5/redis.go:40","func":"github.com/open4go/auth.InitRedisDB","level":"info","msg":"connect redis successful","pong":"PONG","poolSize":100,"redisAddr":"mini_redis_app:6379","time":"2023-11-08T17:17:07Z"}
{"db":0,"file":"/go/pkg/mod/github.com/r2day/db@v0.3.5/redis.go:39","func":"github.com/r2day/db.InitRedisDB","level":"info","msg":"connect redis successful","pong":"PONG","poolSize":100,"redisAddr":"mini_redis_app:6379","time":"2023-11-08T17:17:07Z"}
{"file":"/app/main.go:61","func":"main.main","level":"info","msg":"running successful","port":"8080","time":"2023-11-08T17:17:07Z"}
{"db":4,"file":"/go/pkg/mod/github.com/open4go/auth@v0.0.5/redis.go:40","func":"github.com/open4go/auth.InitRedisDB","level":"info","msg":"connect redis successful","pong":"PONG","poolSize":100,"redisAddr":"mini_redis_app:6379","time":"2023-11-08T17:42:55Z"}
{"db":0,"file":"/go/pkg/mod/github.com/r2day/db@v0.3.5/redis.go:39","func":"github.com/r2day/db.InitRedisDB","level":"info","msg":"connect redis successful","pong":"PONG","poolSize":100,"redisAddr":"mini_redis_app:6379","time":"2023-11-08T17:42:55Z"}
{"file":"/app/main.go:61","func":"main.main","level":"info","msg":"running successful","port":"8080","time":"2023-11-08T17:42:55Z"}
{"db":4,"file":"/go/pkg/mod/github.com/open4go/auth@v0.0.5/redis.go:40","func":"github.com/open4go/auth.InitRedisDB","level":"info","msg":"connect redis successful","pong":"PONG","poolSize":100,"redisAddr":"mini_redis_app:6379","time":"2023-11-08T17:47:58Z"}
{"db":0,"file":"/go/pkg/mod/github.com/r2day/db@v0.3.5/redis.go:39","func":"github.com/r2day/db.InitRedisDB","level":"info","msg":"connect redis successful","pong":"PONG","poolSize":100,"redisAddr":"mini_redis_app:6379","time":"2023-11-08T17:47:58Z"}
{"file":"/app/main.go:61","func":"main.main","level":"info","msg":"running successful","port":"8080","time":"2023-11-08T17:47:58Z"}
{"db":4,"file":"/go/pkg/mod/github.com/open4go/auth@v0.0.5/redis.go:40","func":"github.com/open4go/auth.InitRedisDB","level":"info","msg":"connect redis successful","pong":"PONG","poolSize":100,"redisAddr":"mini_redis_app:6379","time":"2023-11-08T18:01:19Z"}
{"db":0,"file":"/go/pkg/mod/github.com/r2day/db@v0.3.5/redis.go:39","func":"github.com/r2day/db.InitRedisDB","level":"info","msg":"connect redis successful","pong":"PONG","poolSize":100,"redisAddr":"mini_redis_app:6379","time":"2023-11-08T18:01:19Z"}
{"file":"/app/main.go:61","func":"main.main","level":"info","msg":"running successful","port":"8080","time":"2023-11-08T18:01:19Z"}
{"db":4,"file":"/go/pkg/mod/github.com/open4go/auth@v0.0.5/redis.go:40","func":"github.com/open4go/auth.InitRedisDB","level":"info","msg":"connect redis successful","pong":"PONG","poolSize":100,"redisAddr":"mini_redis_app:6379","time":"2023-11-08T18:05:09Z"}
{"db":0,"file":"/go/pkg/mod/github.com/r2day/db@v0.3.5/redis.go:39","func":"github.com/r2day/db.InitRedisDB","level":"info","msg":"connect redis successful","pong":"PONG","poolSize":100,"redisAddr":"mini_redis_app:6379","time":"2023-11-08T18:05:09Z"}
{"file":"/app/main.go:61","func":"main.main","level":"info","msg":"running successful","port":"8080","time":"2023-11-08T18:05:09Z"}
{"db":4,"file":"/go/pkg/mod/github.com/open4go/auth@v0.0.5/redis.go:40","func":"github.com/open4go/auth.InitRedisDB","level":"info","msg":"connect redis successful","pong":"PONG","poolSize":100,"redisAddr":"mini_redis_app:6379","time":"2023-11-08T18:06:57Z"}
{"db":0,"file":"/go/pkg/mod/github.com/r2day/db@v0.3.5/redis.go:39","func":"github.com/r2day/db.InitRedisDB","level":"info","msg":"connect redis successful","pong":"PONG","poolSize":100,"redisAddr":"mini_redis_app:6379","time":"2023-11-08T18:06:57Z"}
{"file":"/app/main.go:61","func":"main.main","level":"info","msg":"running successful","port":"8080","time":"2023-11-08T18:06:57Z"}
{"db":4,"file":"/go/pkg/mod/github.com/open4go/auth@v0.0.5/redis.go:40","func":"github.com/open4go/auth.InitRedisDB","level":"info","msg":"connect redis successful","pong":"PONG","poolSize":100,"redisAddr":"mini_redis_app:6379","time":"2023-11-08T18:07:32Z"}
{"db":0,"file":"/go/pkg/mod/github.com/r2day/db@v0.3.5/redis.go:39","func":"github.com/r2day/db.InitRedisDB","level":"info","msg":"connect redis successful","pong":"PONG","poolSize":100,"redisAddr":"mini_redis_app:6379","time":"2023-11-08T18:07:32Z"}
{"file":"/app/main.go:61","func":"main.main","level":"info","msg":"running successful","port":"8080","time":"2023-11-08T18:07:32Z"}
{"db":4,"file":"/go/pkg/mod/github.com/open4go/auth@v0.0.5/redis.go:40","func":"github.com/open4go/auth.InitRedisDB","level":"info","msg":"connect redis successful","pong":"PONG","poolSize":100,"redisAddr":"mini_redis_app:6379","time":"2023-11-08T18:08:37Z"}
{"db":0,"file":"/go/pkg/mod/github.com/r2day/db@v0.3.5/redis.go:39","func":"github.com/r2day/db.InitRedisDB","level":"info","msg":"connect redis successful","pong":"PONG","poolSize":100,"redisAddr":"mini_redis_app:6379","time":"2023-11-08T18:08:37Z"}
{"file":"/app/main.go:61","func":"main.main","level":"info","msg":"running successful","port":"8080","time":"2023-11-08T18:08:37Z"}
{"db":4,"file":"/go/pkg/mod/github.com/open4go/auth@v0.0.5/redis.go:40","func":"github.com/open4go/auth.InitRedisDB","level":"info","msg":"connect redis successful","pong":"PONG","poolSize":100,"redisAddr":"mini_redis_app:6379","time":"2023-11-08T18:09:45Z"}
{"db":0,"file":"/go/pkg/mod/github.com/r2day/db@v0.3.5/redis.go:39","func":"github.com/r2day/db.InitRedisDB","level":"info","msg":"connect redis successful","pong":"PONG","poolSize":100,"redisAddr":"mini_redis_app:6379","time":"2023-11-08T18:09:45Z"}
{"file":"/app/main.go:61","func":"main.main","level":"info","msg":"running successful","port":"8080","time":"2023-11-08T18:09:45Z"}
{"db":4,"file":"/go/pkg/mod/github.com/open4go/auth@v0.0.5/redis.go:40","func":"github.com/open4go/auth.InitRedisDB","level":"info","msg":"connect redis successful","pong":"PONG","poolSize":100,"redisAddr":"mini_redis_app:6379","time":"2023-11-08T18:15:10Z"}
{"db":0,"file":"/go/pkg/mod/github.com/r2day/db@v0.3.5/redis.go:39","func":"github.com/r2day/db.InitRedisDB","level":"info","msg":"connect redis successful","pong":"PONG","poolSize":100,"redisAddr":"mini_redis_app:6379","time":"2023-11-08T18:15:10Z"}
{"file":"/app/main.go:61","func":"main.main","level":"info","msg":"running successful","port":"8080","time":"2023-11-08T18:15:10Z"}
{"db":4,"file":"/go/pkg/mod/github.com/open4go/auth@v0.0.5/redis.go:40","func":"github.com/open4go/auth.InitRedisDB","level":"info","msg":"connect redis successful","pong":"PONG","poolSize":100,"redisAddr":"mini_redis_app:6379","time":"2023-11-08T18:18:41Z"}
{"db":0,"file":"/go/pkg/mod/github.com/r2day/db@v0.3.5/redis.go:39","func":"github.com/r2day/db.InitRedisDB","level":"info","msg":"connect redis successful","pong":"PONG","poolSize":100,"redisAddr":"mini_redis_app:6379","time":"2023-11-08T18:18:41Z"}
{"file":"/app/main.go:61","func":"main.main","level":"info","msg":"running successful","port":"8080","time":"2023-11-08T18:18:41Z"}
{"db":4,"file":"/go/pkg/mod/github.com/open4go/auth@v0.0.5/redis.go:34","func":"github.com/open4go/auth.InitRedisDB","level":"error","msg":"dial tcp: lookup mini_redis_app: i/o timeout","poolSize":100,"redisAddr":"mini_redis_app:6379","time":"2023-11-09T18:40:30Z"}
{"file":"/app/main.go:44","func":"main.main","level":"fatal","msg":"no .env file found","time":"2023-11-09T18:40:30Z"}
{"db":4,"file":"/go/pkg/mod/github.com/open4go/auth@v0.0.5/redis.go:34","func":"github.com/open4go/auth.InitRedisDB","level":"error","msg":"dial tcp: lookup mini_redis_app: i/o timeout","poolSize":100,"redisAddr":"mini_redis_app:6379","time":"2023-11-09T18:40:42Z"}
{"file":"/app/main.go:44","func":"main.main","level":"fatal","msg":"no .env file found","time":"2023-11-09T18:40:42Z"}
{"db":4,"file":"/go/pkg/mod/github.com/open4go/auth@v0.0.5/redis.go:34","func":"github.com/open4go/auth.InitRedisDB","level":"error","msg":"dial tcp: lookup mini_redis_app: i/o timeout","poolSize":100,"redisAddr":"mini_redis_app:6379","time":"2023-11-09T18:40:49Z"}
{"file":"/app/main.go:44","func":"main.main","level":"fatal","msg":"no .env file found","time":"2023-11-09T18:40:49Z"}
{"db":4,"file":"/go/pkg/mod/github.com/open4go/auth@v0.0.5/redis.go:34","func":"github.com/open4go/auth.InitRedisDB","level":"error","msg":"dial tcp: lookup mini_redis_app: i/o timeout","poolSize":100,"redisAddr":"mini_redis_app:6379","time":"2023-11-09T18:40:56Z"}
{"file":"/app/main.go:44","func":"main.main","level":"fatal","msg":"no .env file found","time":"2023-11-09T18:40:56Z"}
{"db":4,"file":"/go/pkg/mod/github.com/open4go/auth@v0.0.5/redis.go:34","func":"github.com/open4go/auth.InitRedisDB","level":"error","msg":"dial tcp: lookup mini_redis_app: i/o timeout","poolSize":100,"redisAddr":"mini_redis_app:6379","time":"2023-11-09T18:41:02Z"}
{"file":"/app/main.go:44","func":"main.main","level":"fatal","msg":"no .env file found","time":"2023-11-09T18:41:02Z"}
{"db":4,"file":"/go/pkg/mod/github.com/open4go/auth@v0.0.5/redis.go:34","func":"github.com/open4go/auth.InitRedisDB","level":"error","msg":"dial tcp: lookup mini_redis_app: i/o timeout","poolSize":100,"redisAddr":"mini_redis_app:6379","time":"2023-11-09T18:41:09Z"}
{"file":"/app/main.go:44","func":"main.main","level":"fatal","msg":"no .env file found","time":"2023-11-09T18:41:09Z"}
